0 info it worked if it ends with ok
1 verbose cli [ 'C:\\Program Files\\nodejs\\\\node.exe',
1 verbose cli   'C:\\Program Files\\nodejs\\node_modules\\npm\\bin\\npm-cli.js',
1 verbose cli   'install',
1 verbose cli   'mysql' ]
2 info using npm@1.1.66
3 info using node@v0.8.15
4 verbose node symlink C:\Program Files\nodejs\\node.exe
5 verbose read json C:\Documents and Settings\11\My Documents\GitHub\Node_supper\package.json
6 verbose read json C:\Documents and Settings\11\My Documents\GitHub\Node_supper\node_modules\async\package.json
7 verbose read json C:\Documents and Settings\11\My Documents\GitHub\Node_supper\node_modules\ejs\package.json
8 verbose read json C:\Documents and Settings\11\My Documents\GitHub\Node_supper\node_modules\express\package.json
9 verbose read json C:\Documents and Settings\11\My Documents\GitHub\Node_supper\node_modules\express-partials\package.json
10 verbose read json C:\Documents and Settings\11\My Documents\GitHub\Node_supper\node_modules\list\package.json
11 verbose read json C:\Documents and Settings\11\My Documents\GitHub\Node_supper\node_modules\mongodb\package.json
12 verbose read json C:\Documents and Settings\11\My Documents\GitHub\Node_supper\node_modules\mysql\package.json
13 verbose read json C:\Documents and Settings\11\My Documents\GitHub\Node_supper\node_modules\node-dev\package.json
14 verbose read json C:\Documents and Settings\11\My Documents\GitHub\Node_supper\node_modules\socket.io\package.json
15 verbose from cache C:\Documents and Settings\11\My Documents\GitHub\Node_supper\package.json
16 verbose readDependencies using package.json deps
17 verbose cache add [ 'mysql@2.0.0', null ]
18 silly cache add name=undefined spec="mysql@2.0.0" args=["mysql@2.0.0",null]
19 verbose parsed url { pathname: 'mysql@2.0.0',
19 verbose parsed url   path: 'mysql@2.0.0',
19 verbose parsed url   href: 'mysql@2.0.0' }
20 silly cache add name="mysql" spec="2.0.0" args=["mysql","2.0.0"]
21 verbose parsed url { pathname: '2.0.0', path: '2.0.0', href: '2.0.0' }
22 verbose addNamed [ 'mysql', '2.0.0' ]
23 verbose addNamed [ '2.0.0', '2.0.0' ]
24 silly lockFile eca4f9fb-mysql-2-0-0 mysql@2.0.0
25 verbose lock mysql@2.0.0 C:\Documents and Settings\11\Application Data\npm-cache\eca4f9fb-mysql-2-0-0.lock
26 verbose url raw mysql/2.0.0
27 verbose url resolving [ 'https://registry.npmjs.org/', './mysql/2.0.0' ]
28 verbose url resolved https://registry.npmjs.org/mysql/2.0.0
29 info trying registry request attempt 1 at 10:50:42
30 http GET https://registry.npmjs.org/mysql/2.0.0
31 http 404 https://registry.npmjs.org/mysql/2.0.0
32 silly registry.get cb [ 404,
32 silly registry.get   { vary: 'Accept',
32 silly registry.get     server: 'CouchDB/1.2.1 (Erlang OTP/R15B03)',
32 silly registry.get     etag: '"6BYDUDGL7VIUW8YKX1FJ4P526"',
32 silly registry.get     date: 'Wed, 03 Apr 2013 02:50:49 GMT',
32 silly registry.get     'content-type': 'application/json',
32 silly registry.get     'content-length': '36' } ]
33 silly lockFile eca4f9fb-mysql-2-0-0 mysql@2.0.0
34 error Error: version not found: 2.0.0 : mysql/2.0.0
34 error     at RegClient.<anonymous> (C:\Program Files\nodejs\node_modules\npm\node_modules\npm-registry-client\lib\request.js:259:14)
34 error     at Request.init.self.callback (C:\Program Files\nodejs\node_modules\npm\node_modules\request\main.js:120:22)
34 error     at Request.EventEmitter.emit (events.js:99:17)
34 error     at Request.<anonymous> (C:\Program Files\nodejs\node_modules\npm\node_modules\request\main.js:648:16)
34 error     at Request.EventEmitter.emit (events.js:126:20)
34 error     at IncomingMessage.Request.start.self.req.self.httpModule.request.buffer (C:\Program Files\nodejs\node_modules\npm\node_modules\request\main.js:610:14)
34 error     at IncomingMessage.EventEmitter.emit (events.js:126:20)
34 error     at IncomingMessage._emitEnd (http.js:366:10)
34 error     at HTTPParser.parserOnMessageComplete [as onMessageComplete] (http.js:149:23)
34 error     at CleartextStream.socketOnData (http.js:1367:20)
35 error If you need help, you may report this log at:
35 error     <http://github.com/isaacs/npm/issues>
35 error or email it to:
35 error     <npm-@googlegroups.com>
36 error System Windows_NT 5.1.2600
37 error command "C:\\Program Files\\nodejs\\\\node.exe" "C:\\Program Files\\nodejs\\node_modules\\npm\\bin\\npm-cli.js" "install" "mysql"
38 error cwd C:\Documents and Settings\11\My Documents\GitHub\Node_supper
39 error node -v v0.8.15
40 error npm -v 1.1.66
41 verbose exit [ 1, true ]
